<?xml version="1.0" encoding="UTF-8"?>
<testsuite xmlns:xsi="http://www.w3.org/2001/XMLSchema-instance" xsi:noNamespaceSchemaLocation="https://maven.apache.org/surefire/maven-surefire-plugin/xsd/surefire-test-report.xsd" name="com.agile.BowlingGameKataTest" time="0.085" tests="1" errors="1" skipped="0" failures="0">
  <properties>
[...]
</properties>
  <testcase name="initializationError" classname="com.agile.BowlingGameKataTest" time="0.012">
    <error message="Method rollAllZeroPins should have no parameters" type="java.lang.Exception">java.lang.Exception: Method rollAllZeroPins should have no parameters
</error>
  </testcase>
</testsuite>